E:\GITHUB\FYP\FYP\X64\DEBUG\VERTEX.OBJ
E:\GITHUB\FYP\FYP\X64\DEBUG\RAYTRACER.OBJ
E:\GITHUB\FYP\FYP\X64\DEBUG\RAY.OBJ
E:\GITHUB\FYP\FYP\X64\DEBUG\PARSER.OBJ
E:\GITHUB\FYP\FYP\X64\DEBUG\OBJECT.OBJ
E:\GITHUB\FYP\FYP\X64\DEBUG\MATERIAL.OBJ
E:\GITHUB\FYP\FYP\X64\DEBUG\MAINWINDOW.OBJ
E:\GITHUB\FYP\FYP\X64\DEBUG\MAIN.OBJ
E:\GITHUB\FYP\FYP\X64\DEBUG\MOC_MAINWINDOW.OBJ
E:\GITHUB\FYP\FYP\X64\DEBUG\FACE.OBJ
E:\GITHUB\FYP\FYP\X64\DEBUG\VC110.PDB
E:\GITHUB\FYP\FYP\X64\DEBUG\QRC_MAINWINDOW.OBJ
E:\GITHUB\FYP\FYP\X64\DEBUG\VEC3.OBJ
E:\GITHUB\FYP\FYP\GENERATEDFILES\QRC_MAINWINDOW.CPP
E:\GITHUB\FYP\FYP\GENERATEDFILES\UI_MAINWINDOW.H
E:\GITHUB\FYP\FYP\GENERATEDFILES\DEBUG\MOC_MAINWINDOW.CPP
E:\GITHUB\FYP\FYP\X64\DEBUG\FYP.RES
E:\GitHub\FYP\FYP\x64\Debug\face.obj
E:\GitHub\FYP\FYP\x64\Debug\main.obj
E:\GitHub\FYP\FYP\x64\Debug\mainwindow.obj
E:\GitHub\FYP\FYP\x64\Debug\material.obj
E:\GitHub\FYP\FYP\x64\Debug\moc_mainwindow.obj
E:\GitHub\FYP\FYP\x64\Debug\object.obj
E:\GitHub\FYP\FYP\x64\Debug\parser.obj
E:\GitHub\FYP\FYP\x64\Debug\qrc_mainwindow.obj
E:\GitHub\FYP\FYP\x64\Debug\ray.obj
E:\GitHub\FYP\FYP\x64\Debug\RayTracer.obj
E:\GitHub\FYP\FYP\x64\Debug\vec3.obj
E:\GitHub\FYP\FYP\x64\Debug\vertex.obj
E:\GitHub\FYP\FYP\x64\Debug\cl.command.1.tlog
E:\GitHub\FYP\FYP\x64\Debug\CL.read.1.tlog
E:\GitHub\FYP\FYP\x64\Debug\CL.write.1.tlog
E:\GitHub\FYP\FYP\x64\Debug\custombuild.command.1.tlog
E:\GitHub\FYP\FYP\x64\Debug\custombuild.read.1.tlog
E:\GitHub\FYP\FYP\x64\Debug\custombuild.write.1.tlog
E:\GitHub\FYP\FYP\x64\Debug\link-cvtres.read.1.tlog
E:\GitHub\FYP\FYP\x64\Debug\link-cvtres.write.1.tlog
E:\GitHub\FYP\FYP\x64\Debug\link-rc.read.1.tlog
E:\GitHub\FYP\FYP\x64\Debug\link-rc.write.1.tlog
E:\GitHub\FYP\FYP\x64\Debug\link.5632-cvtres.read.1.tlog
E:\GitHub\FYP\FYP\x64\Debug\link.5632-cvtres.write.1.tlog
E:\GitHub\FYP\FYP\x64\Debug\link.5632-rc.read.1.tlog
E:\GitHub\FYP\FYP\x64\Debug\link.5632-rc.write.1.tlog
E:\GitHub\FYP\FYP\x64\Debug\link.5632.read.1.tlog
E:\GitHub\FYP\FYP\x64\Debug\link.5632.write.1.tlog
E:\GitHub\FYP\FYP\x64\Debug\link.6252-cvtres.read.1.tlog
E:\GitHub\FYP\FYP\x64\Debug\link.6252-cvtres.write.1.tlog
E:\GitHub\FYP\FYP\x64\Debug\link.6252-rc.read.1.tlog
E:\GitHub\FYP\FYP\x64\Debug\link.6252-rc.write.1.tlog
E:\GitHub\FYP\FYP\x64\Debug\link.6252.read.1.tlog
E:\GitHub\FYP\FYP\x64\Debug\link.6252.write.1.tlog
E:\GitHub\FYP\FYP\x64\Debug\link.7084-cvtres.read.1.tlog
E:\GitHub\FYP\FYP\x64\Debug\link.7084-cvtres.write.1.tlog
E:\GitHub\FYP\FYP\x64\Debug\link.7084-rc.read.1.tlog
E:\GitHub\FYP\FYP\x64\Debug\link.7084-rc.write.1.tlog
E:\GitHub\FYP\FYP\x64\Debug\link.7084.read.1.tlog
E:\GitHub\FYP\FYP\x64\Debug\link.7084.write.1.tlog
E:\GitHub\FYP\FYP\x64\Debug\link.command.1.tlog
E:\GitHub\FYP\FYP\x64\Debug\link.read.1.tlog
E:\GitHub\FYP\FYP\x64\Debug\link.write.1.tlog
E:\GitHub\FYP\FYP\x64\Debug\rc.command.1.tlog
E:\GitHub\FYP\FYP\x64\Debug\rc.read.1.tlog
E:\GitHub\FYP\FYP\x64\Debug\rc.write.1.tlog
E:\GitHub\FYP\FYP\x64\Debug\FYP.res
E:\GitHub\FYP\FYP\x64\Debug\vc110.pdb
E:\GitHub\FYP\x64\Debug\FYP.pdb
